<?xml version="1.0" encoding="UTF-8"?>
<!-- Generated by org.testng.reporters.JUnitReportReporter -->
<testsuite hostname="DESKTOP-J7H6G9B" failures="0" tests="1" name="testrunners.TestRunner" time="12.627" errors="0" timestamp="2025-10-05T23:32:22 IST" skipped="0">
  <testcase classname="testrunners.TestRunner" name="runScenario" time="12.627"/>
</testsuite> <!-- testrunners.TestRunner -->
